<?xml version="1.0" encoding="UTF-8"?>
<!-- Generated by org.testng.reporters.JUnitXMLReporter -->
<testsuite hostname="EPBYMINW2701" name="Surefire test" tests="2" failures="2" timestamp="20 Aug 2015 14:41:22 GMT" time="14.939" errors="0">
  <testcase name="oneCanCreateProject" time="0.034" classname="com.epam.kzta2014.GitHubAutomationTest">
    <failure type="java.lang.NoClassDefFoundError" message="org/apache/commons/lang/WordUtils">
      <![CDATA[java.lang.NoClassDefFoundError: org/apache/commons/lang/WordUtils
	at ru.yandex.qatools.htmlelements.loader.decorator.HtmlElementUtils.splitCamelCase(HtmlElementUtils.java:128)
	at ru.yandex.qatools.htmlelements.loader.decorator.HtmlElementUtils.getElementName(HtmlElementUtils.java:115)
	at ru.yandex.qatools.htmlelements.loader.decorator.HtmlElementDecorator.decorate(HtmlElementDecorator.java:56)
	at org.openqa.selenium.support.PageFactory.proxyFields(PageFactory.java:112)
	at org.openqa.selenium.support.PageFactory.initElements(PageFactory.java:104)
	at ru.yandex.qatools.htmlelements.loader.HtmlElementLoader.populatePageObject(HtmlElementLoader.java:181)
	at com.epam.kzta2014.pages.LoginPage.<init>(LoginPage.java:32)
	at com.epam.kzta2014.steps.Steps.loginGithub(Steps.java:34)
	at com.epam.kzta2014.GitHubAutomationTest.oneCanCreateProject(GitHubAutomationTest.java:26)
Caused by: java.lang.ClassNotFoundException: org.apache.commons.lang.WordUtils
	at java.net.URLClassLoader.findClass(URLClassLoader.java:381)
	at java.lang.ClassLoader.loadClass(ClassLoader.java:424)
	at sun.misc.Launcher$AppClassLoader.loadClass(Launcher.java:331)
	at java.lang.ClassLoader.loadClass(ClassLoader.java:357)
	... 37 more
... Removed 28 stack frames]]>
    </failure>
  </testcase> <!-- oneCanCreateProject -->
  <testcase name="oneCanLoginGithub" time="0.001" classname="com.epam.kzta2014.GitHubAutomationTest">
    <failure type="java.lang.NoClassDefFoundError" message="org/apache/commons/lang/WordUtils">
      <![CDATA[java.lang.NoClassDefFoundError: org/apache/commons/lang/WordUtils
	at ru.yandex.qatools.htmlelements.loader.decorator.HtmlElementUtils.splitCamelCase(HtmlElementUtils.java:128)
	at ru.yandex.qatools.htmlelements.loader.decorator.HtmlElementUtils.getElementName(HtmlElementUtils.java:115)
	at ru.yandex.qatools.htmlelements.loader.decorator.HtmlElementDecorator.decorate(HtmlElementDecorator.java:56)
	at org.openqa.selenium.support.PageFactory.proxyFields(PageFactory.java:112)
	at org.openqa.selenium.support.PageFactory.initElements(PageFactory.java:104)
	at ru.yandex.qatools.htmlelements.loader.HtmlElementLoader.populatePageObject(HtmlElementLoader.java:181)
	at com.epam.kzta2014.pages.LoginPage.<init>(LoginPage.java:32)
	at com.epam.kzta2014.steps.Steps.loginGithub(Steps.java:34)
	at com.epam.kzta2014.GitHubAutomationTest.oneCanLoginGithub(GitHubAutomationTest.java:35)
... Removed 28 stack frames]]>
    </failure>
  </testcase> <!-- oneCanLoginGithub -->
</testsuite> <!-- Surefire test -->
