<?xml version="1.0" encoding="UTF-8"?>
<!-- Generated by org.testng.reporters.JUnitXMLReporter -->
<testsuite hostname="EPBYMINW2701" name="Surefire test" tests="2" failures="1" timestamp="20 Aug 2015 14:01:53 GMT" time="23.011" errors="0">
  <testcase name="@AfterMethod stopBrowser" time="0.0" classname="com.epam.kzta2014.GitHubAutomationTest">
    <failure type="org.openqa.selenium.remote.UnreachableBrowserException" message="Error communicating with the remote browser. It may have died.
Build info: version: &amp;apos;2.47.1&amp;apos;, revision: &amp;apos;unknown&amp;apos;, time: &amp;apos;2015-07-30 11:02:44&amp;apos;
System info: host: &amp;apos;EPBYMINW2701&amp;apos;, ip: &amp;apos;10.6.103.20&amp;apos;, os.name: &amp;apos;Windows 7&amp;apos;, os.arch: &amp;apos;amd64&amp;apos;, os.version: &amp;apos;6.1&amp;apos;, java.version: &amp;apos;1.8.0_45&amp;apos;
Driver info: driver.version: RemoteWebDriver">
      <![CDATA[org.openqa.selenium.remote.UnreachableBrowserException: Error communicating with the remote browser. It may have died.
Build info: version: '2.47.1', revision: 'unknown', time: '2015-07-30 11:02:44'
System info: host: 'EPBYMINW2701', ip: '10.6.103.20', os.name: 'Windows 7', os.arch: 'amd64', os.version: '6.1', java.version: '1.8.0_45'
Driver info: driver.version: RemoteWebDriver
	at org.openqa.selenium.remote.RemoteWebDriver.execute(RemoteWebDriver.java:589)
	at org.openqa.selenium.remote.RemoteWebDriver.execute(RemoteWebDriver.java:618)
	at org.openqa.selenium.remote.RemoteWebDriver.quit(RemoteWebDriver.java:464)
	at com.epam.kzta2014.steps.Steps.closeDriver(Steps.java:29)
	at com.epam.kzta2014.GitHubAutomationTest.stopBrowser(GitHubAutomationTest.java:43)
Caused by: org.apache.http.conn.HttpHostConnectException: Connect to 127.0.0.1:7055 [/127.0.0.1] failed: Connection refused: connect
	at org.apache.http.impl.conn.DefaultHttpClientConnectionOperator.connect(DefaultHttpClientConnectionOperator.java:151)
	at org.apache.http.impl.conn.PoolingHttpClientConnectionManager.connect(PoolingHttpClientConnectionManager.java:353)
	at org.apache.http.impl.execchain.MainClientExec.establishRoute(MainClientExec.java:380)
	at org.apache.http.impl.execchain.MainClientExec.execute(MainClientExec.java:236)
	at org.apache.http.impl.execchain.ProtocolExec.execute(ProtocolExec.java:184)
	at org.apache.http.impl.execchain.RetryExec.execute(RetryExec.java:88)
	at org.apache.http.impl.execchain.RedirectExec.execute(RedirectExec.java:110)
	at org.apache.http.impl.client.InternalHttpClient.doExecute(InternalHttpClient.java:184)
	at org.apache.http.impl.client.CloseableHttpClient.execute(CloseableHttpClient.java:71)
	at org.apache.http.impl.client.CloseableHttpClient.execute(CloseableHttpClient.java:55)
	at org.openqa.selenium.remote.internal.ApacheHttpClient.fallBackExecute(ApacheHttpClient.java:143)
	at org.openqa.selenium.remote.internal.ApacheHttpClient.execute(ApacheHttpClient.java:89)
	at org.openqa.selenium.remote.HttpCommandExecutor.execute(HttpCommandExecutor.java:134)
	at org.openqa.selenium.firefox.internal.NewProfileExtensionConnection.execute(NewProfileExtensionConnection.java:170)
	at org.openqa.selenium.firefox.FirefoxDriver$LazyCommandExecutor.execute(FirefoxDriver.java:393)
	at org.openqa.selenium.remote.RemoteWebDriver.execute(RemoteWebDriver.java:568)
	... 34 more
Caused by: java.net.ConnectException: Connection refused: connect
	at java.net.DualStackPlainSocketImpl.waitForConnect(Native Method)
	at java.net.DualStackPlainSocketImpl.socketConnect(DualStackPlainSocketImpl.java:85)
	at java.net.AbstractPlainSocketImpl.doConnect(AbstractPlainSocketImpl.java:345)
	at java.net.AbstractPlainSocketImpl.connectToAddress(AbstractPlainSocketImpl.java:206)
	at java.net.AbstractPlainSocketImpl.connect(AbstractPlainSocketImpl.java:188)
	at java.net.PlainSocketImpl.connect(PlainSocketImpl.java:172)
	at java.net.SocksSocketImpl.connect(SocksSocketImpl.java:392)
	at java.net.Socket.connect(Socket.java:589)
	at org.apache.http.conn.socket.PlainConnectionSocketFactory.connectSocket(PlainConnectionSocketFactory.java:74)
	at org.apache.http.impl.conn.DefaultHttpClientConnectionOperator.connect(DefaultHttpClientConnectionOperator.java:134)
	... 49 more
... Removed 30 stack frames]]>
    </failure>
  </testcase> <!-- @AfterMethod stopBrowser -->
  <testcase name="@BeforeMethod setUp" time="0.0" classname="com.epam.kzta2014.GitHubAutomationTest">
    <skipped/>
  </testcase> <!-- @BeforeMethod setUp -->
  <testcase name="@AfterMethod stopBrowser" time="0.0" classname="com.epam.kzta2014.GitHubAutomationTest">
    <skipped/>
  </testcase> <!-- @AfterMethod stopBrowser -->
  <testcase name="oneCanCreateProject" time="14.487" classname="com.epam.kzta2014.GitHubAutomationTest">
    <failure type="org.openqa.selenium.NoSuchWindowException" message="Window not found. The browser window may have been closed.
Command duration or timeout: 36 milliseconds
Build info: version: &amp;apos;2.47.1&amp;apos;, revision: &amp;apos;unknown&amp;apos;, time: &amp;apos;2015-07-30 11:02:44&amp;apos;
System info: host: &amp;apos;EPBYMINW2701&amp;apos;, ip: &amp;apos;10.6.103.20&amp;apos;, os.name: &amp;apos;Windows 7&amp;apos;, os.arch: &amp;apos;amd64&amp;apos;, os.version: &amp;apos;6.1&amp;apos;, java.version: &amp;apos;1.8.0_45&amp;apos;
Driver info: org.openqa.selenium.firefox.FirefoxDriver
Capabilities [{applicationCacheEnabled=true, rotatable=false, handlesAlerts=true, databaseEnabled=true, version=35.0.1, platform=WINDOWS, nativeEvents=false, acceptSslCerts=true, webStorageEnabled=true, locationContextEnabled=true, browserName=firefox, takesScreenshot=true, javascriptEnabled=true, cssSelectorsEnabled=true}]
Session ID: dc2a8a02-0a18-47c1-9adf-a09569afbc9b
*** Element info: {Using=id, value=repository_name}">
      <![CDATA[org.openqa.selenium.NoSuchWindowException: Window not found. The browser window may have been closed.
Command duration or timeout: 36 milliseconds
Build info: version: '2.47.1', revision: 'unknown', time: '2015-07-30 11:02:44'
System info: host: 'EPBYMINW2701', ip: '10.6.103.20', os.name: 'Windows 7', os.arch: 'amd64', os.version: '6.1', java.version: '1.8.0_45'
Driver info: org.openqa.selenium.firefox.FirefoxDriver
Capabilities [{applicationCacheEnabled=true, rotatable=false, handlesAlerts=true, databaseEnabled=true, version=35.0.1, platform=WINDOWS, nativeEvents=false, acceptSslCerts=true, webStorageEnabled=true, locationContextEnabled=true, browserName=firefox, takesScreenshot=true, javascriptEnabled=true, cssSelectorsEnabled=true}]
Session ID: dc2a8a02-0a18-47c1-9adf-a09569afbc9b
*** Element info: {Using=id, value=repository_name}
	at org.openqa.selenium.remote.ErrorHandler.createThrowable(ErrorHandler.java:206)
	at org.openqa.selenium.remote.ErrorHandler.throwIfResponseFailed(ErrorHandler.java:158)
	at org.openqa.selenium.remote.RemoteWebDriver.execute(RemoteWebDriver.java:595)
	at org.openqa.selenium.remote.RemoteWebDriver.findElement(RemoteWebDriver.java:348)
	at org.openqa.selenium.remote.RemoteWebDriver.findElementById(RemoteWebDriver.java:389)
	at org.openqa.selenium.By$ById.findElement(By.java:215)
	at org.openqa.selenium.remote.RemoteWebDriver.findElement(RemoteWebDriver.java:340)
	at org.openqa.selenium.support.pagefactory.DefaultElementLocator.findElement(DefaultElementLocator.java:69)
	at org.openqa.selenium.support.pagefactory.internal.LocatingElementHandler.invoke(LocatingElementHandler.java:38)
	at com.sun.proxy.$Proxy5.sendKeys(Unknown Source)
	at com.epam.kzta2014.pages.CreateNewRepositoryPage.createNewRepository(CreateNewRepositoryPage.java:45)
	at com.epam.kzta2014.steps.Steps.createNewRepository(Steps.java:50)
	at com.epam.kzta2014.GitHubAutomationTest.oneCanCreateProject(GitHubAutomationTest.java:28)
Caused by: org.openqa.selenium.NoSuchWindowException: Window not found. The browser window may have been closed.
Build info: version: '2.47.1', revision: 'unknown', time: '2015-07-30 11:02:44'
System info: host: 'EPBYMINW2701', ip: '10.6.103.20', os.name: 'Windows 7', os.arch: 'amd64', os.version: '6.1', java.version: '1.8.0_45'
Driver info: driver.version: unknown
	at <anonymous class>.nsCommandProcessor.prototype.execute(file:///C:/Users/Hleb_Halkouski/AppData/Local/Temp/anonymous7929839692490194640webdriver-profile/extensions/fxdriver@googlecode.com/components/command-processor.js:12711)
	at <anonymous class>.Dispatcher.executeAs/<(file:///C:/Users/Hleb_Halkouski/AppData/Local/Temp/anonymous7929839692490194640webdriver-profile/extensions/fxdriver@googlecode.com/components/driver-component.js:9456)
	at <anonymous class>.Resource.prototype.handle(file:///C:/Users/Hleb_Halkouski/AppData/Local/Temp/anonymous7929839692490194640webdriver-profile/extensions/fxdriver@googlecode.com/components/driver-component.js:9603)
	at <anonymous class>.Dispatcher.prototype.dispatch(file:///C:/Users/Hleb_Halkouski/AppData/Local/Temp/anonymous7929839692490194640webdriver-profile/extensions/fxdriver@googlecode.com/components/driver-component.js:9550)
	at <anonymous class>.WebDriverServer/<.handle(file:///C:/Users/Hleb_Halkouski/AppData/Local/Temp/anonymous7929839692490194640webdriver-profile/extensions/fxdriver@googlecode.com/components/driver-component.js:12497)
	at <anonymous class>.createHandlerFunc/<(file:///C:/Users/Hleb_Halkouski/AppData/Local/Temp/anonymous7929839692490194640webdriver-profile/extensions/fxdriver@googlecode.com/components/httpd.js:2054)
	at <anonymous class>.ServerHandler.prototype.handleResponse(file:///C:/Users/Hleb_Halkouski/AppData/Local/Temp/anonymous7929839692490194640webdriver-profile/extensions/fxdriver@googlecode.com/components/httpd.js:2387)
	at <anonymous class>.Connection.prototype.process(file:///C:/Users/Hleb_Halkouski/AppData/Local/Temp/anonymous7929839692490194640webdriver-profile/extensions/fxdriver@googlecode.com/components/httpd.js:1223)
	at <anonymous class>.RequestReader.prototype._handleResponse(file:///C:/Users/Hleb_Halkouski/AppData/Local/Temp/anonymous7929839692490194640webdriver-profile/extensions/fxdriver@googlecode.com/components/httpd.js:1677)
	at <anonymous class>.RequestReader.prototype._processBody(file:///C:/Users/Hleb_Halkouski/AppData/Local/Temp/anonymous7929839692490194640webdriver-profile/extensions/fxdriver@googlecode.com/components/httpd.js:1525)
	at <anonymous class>.RequestReader.prototype.onInputStreamReady(file:///C:/Users/Hleb_Halkouski/AppData/Local/Temp/anonymous7929839692490194640webdriver-profile/extensions/fxdriver@googlecode.com/components/httpd.js:1393)
... Removed 32 stack frames]]>
    </failure>
  </testcase> <!-- oneCanCreateProject -->
  <testcase name="oneCanLoginGithub" time="0.0" classname="com.epam.kzta2014.GitHubAutomationTest">
    <skipped/>
  </testcase> <!-- oneCanLoginGithub -->
</testsuite> <!-- Surefire test -->
