-------------------------------------------------------------------------------
Test set: com.epam.kzta2014.GitHubAutomationTest
-------------------------------------------------------------------------------
Tests run: 2, Failures: 2, Errors: 0, Skipped: 0, Time elapsed: 15.489 sec <<< FAILURE! - in com.epam.kzta2014.GitHubAutomationTest
oneCanCreateProject(com.epam.kzta2014.GitHubAutomationTest)  Time elapsed: 0.128 sec  <<< FAILURE!
java.lang.NoClassDefFoundError: org/apache/commons/lang/WordUtils
	at java.net.URLClassLoader.findClass(URLClassLoader.java:381)
	at java.lang.ClassLoader.loadClass(ClassLoader.java:424)
	at sun.misc.Launcher$AppClassLoader.loadClass(Launcher.java:331)
	at java.lang.ClassLoader.loadClass(ClassLoader.java:357)
	at ru.yandex.qatools.htmlelements.loader.decorator.HtmlElementUtils.splitCamelCase(HtmlElementUtils.java:128)
	at ru.yandex.qatools.htmlelements.loader.decorator.HtmlElementUtils.getElementName(HtmlElementUtils.java:115)
	at ru.yandex.qatools.htmlelements.loader.decorator.HtmlElementDecorator.decorate(HtmlElementDecorator.java:56)
	at org.openqa.selenium.support.PageFactory.proxyFields(PageFactory.java:112)
	at org.openqa.selenium.support.PageFactory.initElements(PageFactory.java:104)
	at ru.yandex.qatools.htmlelements.loader.HtmlElementLoader.populatePageObject(HtmlElementLoader.java:181)
	at com.epam.kzta2014.pages.LoginPage.<init>(LoginPage.java:32)
	at com.epam.kzta2014.steps.Steps.loginGithub(Steps.java:34)
	at com.epam.kzta2014.GitHubAutomationTest.oneCanCreateProject(GitHubAutomationTest.java:26)

oneCanLoginGithub(com.epam.kzta2014.GitHubAutomationTest)  Time elapsed: 0.001 sec  <<< FAILURE!
java.lang.NoClassDefFoundError: org/apache/commons/lang/WordUtils
	at ru.yandex.qatools.htmlelements.loader.decorator.HtmlElementUtils.splitCamelCase(HtmlElementUtils.java:128)
	at ru.yandex.qatools.htmlelements.loader.decorator.HtmlElementUtils.getElementName(HtmlElementUtils.java:115)
	at ru.yandex.qatools.htmlelements.loader.decorator.HtmlElementDecorator.decorate(HtmlElementDecorator.java:56)
	at org.openqa.selenium.support.PageFactory.proxyFields(PageFactory.java:112)
	at org.openqa.selenium.support.PageFactory.initElements(PageFactory.java:104)
	at ru.yandex.qatools.htmlelements.loader.HtmlElementLoader.populatePageObject(HtmlElementLoader.java:181)
	at com.epam.kzta2014.pages.LoginPage.<init>(LoginPage.java:32)
	at com.epam.kzta2014.steps.Steps.loginGithub(Steps.java:34)
	at com.epam.kzta2014.GitHubAutomationTest.oneCanLoginGithub(GitHubAutomationTest.java:35)

