<?xml version="1.0" encoding="UTF-8"?>
<!-- Generated by org.testng.reporters.JUnitXMLReporter -->
<testsuite hostname="EPBYMINW2701" name="Smoke Tests" tests="2" failures="1" timestamp="20 Aug 2015 18:10:52 GMT" time="30.401" errors="0">
  <testcase name="oneCanCreateProject" time="13.278" classname="com.epam.kzta2014.GitHubAutomationTest"/>
  <testcase name="oneCanLoginGithub" time="4.995" classname="com.epam.kzta2014.GitHubAutomationTest">
    <failure type="java.lang.AssertionError" message="expected [true] but found [false]">
      <![CDATA[java.lang.AssertionError: expected [true] but found [false]
	at com.epam.kzta2014.GitHubAutomationTest.oneCanLoginGithub(GitHubAutomationTest.java:36)
... Removed 28 stack frames]]>
    </failure>
  </testcase> <!-- oneCanLoginGithub -->
</testsuite> <!-- Smoke Tests -->
